Norbert Brunetta,unknown
Dennise Illies,Avengers: Endgame
Tasha Chez,unknown
Collin Heyde,Andhadhun
Oswaldo Manuelito,Pokemon Detective Pikachu
Stephanie Brighter,Pokemon Detective Pikachu
Dodie Tarbert,Avengers: Endgame
Lynna Kornreich,Andhadhun
Cayla Gwinn,Pokemon Detective Pikachu
Laurette Voris,Pokemon Detective Pikachu
Deja Deike,Andhadhun
Theresia Tefft,unknown
Delma Staheli,Avengers: Endgame
Yetta Hodge,unknown
Terrell Lesage,Avengers: Endgame
Samatha Ladage,unknown
Bryce Makarem,Avengers: Endgame
Maryalice Saffold,Pokemon Detective Pikachu
Yasmine Amburgy,Andhadhun
Ezequiel Lantier,Andhadhun
