Annika Donaher,The Wandering Earth,apple,8,5,6,7
Susanna Barbadillo,The Wandering Earth,apple,7,3,4,5,6,7,8,9
Adah Tranbarger,The Wandering Earth,apple,6,4,5,6,7,8
Vickey Panza,The Wandering Earth,apple,5,1,2,3,4,5,6,7,8,9,10,11,12
Carmine Langer,The Wandering Earth,apple,8,8
Vesta Talford,The Wandering Earth,apple,4,4,5,6,7,8
Lanette Tyler,The Wandering Earth,apple,3,4,5,6,7,8
Tenisha Towles,The Wandering Earth,apple,2,4,5,6,7,8,9
Lucrecia Shutters,The Wandering Earth,apple,8,1,2,3,4
Rod Laubacher,The Wandering Earth,apple,8,9,10,11,12
Jetta Janusz,The Wandering Earth,apple,1,3,4,5,6,7,8,9
Shemeka Samayoa,The Wandering Earth,apple,6,9
Ayana Bonomo,The Wandering Earth,apple,4,9,10,11,12
Sheilah Titze,The Wandering Earth,apple,7,10
Tomasa Banick,The Wandering Earth
Fonda Storie,The Wandering Earth,apple,6,3
Jana Bertley,The Wandering Earth
Lorine Bruck,The Wandering Earth,apple,6,10,11,12
Chong Harriger,The Wandering Earth
Masako Danas,The Wandering Earth
Willena Gronquist,The Wandering Earth
Solomon Matteson,The Wandering Earth
Teisha Och,The Wandering Earth,apple,7,1,2
Glynis Sain,The Wandering Earth
Joshua Kowalowski,The Wandering Earth
Caridad Ellingham,The Wandering Earth
Wiley Coxe,The Wandering Earth,apple,4,1,2,3
Felicita Reneau,The Wandering Earth
Marion Martell,The Wandering Earth
Bernard Dargatz,The Wandering Earth
Manuela Yant,The Wandering Earth
Minh Ostrowski,The Wandering Earth
Cathern Ulicnik,The Wandering Earth
Jacalyn Calder,The Wandering Earth
Chang Schupbach,The Wandering Earth,apple,7,11
Florencio Chandler,The Wandering Earth
Alexis Silverio,The Wandering Earth,apple,6,2
Lore Reuven,The Wandering Earth,apple,3,9,10,11
Hilario Guitierez,The Wandering Earth
Rashida Hancin,The Wandering Earth
Nelia Mccready,The Wandering Earth
Kristle Walner,The Wandering Earth,apple,7,12
Patrice Lobell,The Wandering Earth
Dannette Verdin,The Wandering Earth
Lauren Olivar,The Wandering Earth
Percy Chanchuan,The Wandering Earth,apple,3,1,2,3
Shanae Sayloe,The Wandering Earth
Arianna Arbertha,The Wandering Earth,apple,2,1,2,3
Rosalie Salmonsen,The Wandering Earth
Michelle Jeanneret,The Wandering Earth,apple,2,10,11,12
Maya Byer,The Wandering Earth
Tamisha Tallacksen,The Wandering Earth
Clelia Laraia,The Wandering Earth
Valarie Hetu,The Wandering Earth
Tawny Zoumis,The Wandering Earth,apple,1,10,11,12
Lanette Isom,The Wandering Earth
Lupe Vanderhyde,The Wandering Earth
Delbert Clavelle,The Wandering Earth
Winnifred Rodkin,The Wandering Earth,apple,6,1
Dominique Brosman,The Wandering Earth,apple,3,12
Stella Toby,The Wandering Earth,apple,1,2
Ardella Kumm,The Wandering Earth,apple,1,1
Donald Civale,The Wandering Earth
Florence Landaker,The Wandering Earth
Marcie Batarse,The Wandering Earth
