Michele Kitzrow,unknown
Mozella Waskow,Andhadhun
Patience Farahkhan,Avengers: Endgame,strawberry,10,1,2,3,4,5,6,7,8,9,10,11,12,13,14
Sonja Passerino,Andhadhun,cherry,9,2,3,4,5,6,7,8,9,10,11
Kina Remele,Avengers: Endgame,strawberry,9,2,3,4,5,6,7,8,9,10,11,12,13
Joye Eskin,Andhadhun,cherry,8,5,6,7,8
Tamisha Duggin,The Wandering Earth,apple,8,2,3,4,5,6,7,8,9,10
Cynthia Muddiman,Andhadhun,cherry,7,4,5,6,7,8,9,10
Eda Rackers,Andhadhun,cherry,6,5,6,7,8
Marica Sashington,Andhadhun,cherry,5,3,4,5,6,7,8,9,10
Gonzalo Suddith,Andhadhun,cherry,8,9,10,11,12,13
Kaci Caley,Avengers: Endgame,orange,7,1,2,3,4,5,6,7,8,9,10
Elia Ruf,Avengers: Endgame,orange,6,4,5,6,7,8
Bessie Hanington,Avengers: Endgame,orange,5,6
Cristi Aylsworth,The Wandering Earth,apple,7,1,2,3,4,5,6,7,8,9,10,11
Dorsey Huseby,The Wandering Earth,apple,6,6,7
Raquel Rick,The Wandering Earth,grape,11,1,2,3,4,5,6,7,8,9,10,11,12,13,14,15
Augustine Degeare,Andhadhun,cherry,4,2,3,4,5,6,7,8,9,10,11,12
Maurine Comfort,The Wandering Earth,apple,5,4,5,6,7,8
Jean Minichiello,Andhadhun,cherry,8,3,4
Kelsi Doughty,unknown
Matt Setchell,Andhadhun,cherry,3,1,2,3,4,5,6,7,8,9,10,11,12
Lakeshia Sakal,Andhadhun,cherry,2,1,2,3,4,5,6,7,8,9,10,11,12
Tilda Schloemann,Andhadhun,cherry,1,1,2,3,4,5,6,7,8,9,10,11,12,13
Hollie Gartz,The Wandering Earth,apple,6,2,3,4,5
Tory Earman,Andhadhun
Ha Gallardo,Andhadhun
Ammie Bosen,The Wandering Earth,apple,4,3,4,5,6,7,8,9
Genia Kuroda,The Wandering Earth,apple,6,8,9,10,11,12
Lena Sistrunk,Avengers: Endgame,orange,4,3,4,5,6,7,8,9
Francisca Colosi,Andhadhun,cherry,6,9,10
Valencia Guerry,The Wandering Earth,grape,10,2,3,4,5,6,7,8,9,10,11,12,13,14
Jacquelynn Goldsworthy,Andhadhun
Malorie Difelice,Avengers: Endgame,strawberry,8,1,2,3,4,5,6,7,8,9,10,11,12,13,14
Jessie Pastor,The Wandering Earth,apple,3,4,5,6,7,8,9
Le Cogan,Avengers: Endgame,orange,3,3,4,5,6,7,8
Ressie Juntunen,The Wandering Earth,grape,9,1,2,3,4,5,6,7,8,9,10,11,12,13,14
Queenie Vecellio,Avengers: Endgame,strawberry,7,1,2,3,4,5,6,7,8,9,10,11,12,13
Latonya Gaietto,The Wandering Earth,apple,5,9
Roselia Wechsler,Avengers: Endgame,orange,2,3,4,5,6,7,8
Karisa Hennies,unknown
Vi Mansour,Avengers: Endgame,strawberry,6,1,2,3,4,5,6,7,8,9,10,11,12,13
Kevin Melnik,Andhadhun
Drew Carrie,Avengers: Endgame,orange,5,2,3,4,5
Carina Reda,The Wandering Earth,apple,2,2,3,4,5,6,7,8,9,10,11
Rubye Shimasaki,Andhadhun
Blake Hoerger,The Wandering Earth
Fermin Okonski,Avengers: Endgame,orange,1,1,2,3,4,5,6,7,8,9,10,11
Erma Thul,The Wandering Earth,grape,8,2,3,4,5,6,7,8,9,10,11,12,13,14
Kiesha Lechel,The Wandering Earth,apple,1,1,2,3,4,5,6,7,8,9,10,11
Taneka Salido,The Wandering Earth,apple,5,1,2,3
Sanda Trogdon,Andhadhun
Hassan Glessner,The Wandering Earth,grape,7,2,3,4,5,6,7,8,9,10,11,12,13
Trinity Brommer,The Wandering Earth,grape,6,2,3,4,5,6,7,8,9,10,11,12,13,14
Marcos Turman,The Wandering Earth,grape,5,5,6,7,8,9,10
Ramon Rabalais,Avengers: Endgame,orange,5,7
Lino Bishopp,The Wandering Earth,grape,4,1,2,3,4,5,6,7,8,9,10,11,12,13,14
Heidy Hyske,Andhadhun
Selma Rarang,The Wandering Earth,grape,3,5,6,7,8,9,10
Gracia Deischer,Andhadhun
Betty Chronis,unknown
Tammara Lamme,The Wandering Earth
Doretta Picucci,Avengers: Endgame,strawberry,5,4,5,6,7,8,9,10
Twanna Mckever,Avengers: Endgame,orange,5,8
Denver Doceti,Andhadhun
Deidra Roser,Andhadhun
Nena Brankovich,Andhadhun
Warren Messerli,The Wandering Earth,grape,2,3,4,5,6,7,8,9,10,11,12,13
Taina Caspari,Andhadhun
Barbar Guse,Andhadhun
Monserrate Sayyed,Andhadhun,cherry,6,3,4
Kacie Rauschenberg,Avengers: Endgame,strawberry,4,5,6,7,8,9,10
Alison Tilley,The Wandering Earth,grape,5,11,12,13,14
Alesha Nilan,Avengers: Endgame,orange,6,2,3
Katelin Bordonaro,Avengers: Endgame,strawberry,3,4,5,6,7,8,9,10,11
Daron Blackmoore,Avengers: Endgame,orange,6,9
Hannah Dwaileebe,The Wandering Earth,grape,1,2,3,4,5,6,7,8,9,10,11,12,13,14
Jaclyn Burkman,Andhadhun
Mandi Whitley,Andhadhun
Regena Hotalen,Avengers: Endgame,orange,5,9
Melodee Lease,unknown
Taryn Genito,The Wandering Earth
Julissa Spinner,Avengers: Endgame,strawberry,2,2,3,4,5,6,7,8,9,10,11,12,13
Merry Fendler,The Wandering Earth
Deja Deslandes,Avengers: Endgame
Lanita Timinsky,Andhadhun
Allen Mundt,Avengers: Endgame,strawberry,1,1,2,3,4,5,6,7,8,9,10,11,12,13,14
Jame Chua,Andhadhun
Lona Wilburn,Andhadhun,cherry,7,2,3
Ivory Weinfeld,The Wandering Earth
Roselee Macmahon,Avengers: Endgame
Coleen Kovats,Andhadhun
Lulu Bruenderman,Andhadhun
Adelia Viejo,Andhadhun
Cicely Gundrum,Avengers: Endgame,orange,6,10
Cornelius Quimet,Andhadhun
Carlota Tincher,The Wandering Earth
Lala Kassman,The Wandering Earth
Mercy Choice,The Wandering Earth
Ok Pallesen,The Wandering Earth
