Emmanuel Herwig,Avengers: Endgame,orange,9,6,7,8,9
Rhea Imada,Avengers: Endgame,orange,5,3,4,5,6,7,8,9,10,11,12
Dillon Tumolillo,Avengers: Endgame,strawberry,7,3,4,5,6,7,8,9
Blair Balo,Avengers: Endgame,orange,8,5,6,7,8,9
Garry Banegas,Avengers: Endgame,orange,1,5,6,7,8,9,10
Gabriel Kebert,Avengers: Endgame,orange,10,1,2,3,4,5
Rosalind Zazueta,Avengers: Endgame,orange,7,6,7,8
Tammy Barthe,Avengers: Endgame,orange,10,10,11,12,13
Ali Trodden,Avengers: Endgame,orange,2,6,7,8
Phebe Vantol,Avengers: Endgame,strawberry,6,4,5,6,7
Yuri Servey,Avengers: Endgame,strawberry,5,4,5,6,7
Len Kowitz,Avengers: Endgame,strawberry,4,4,5,6,7,8
Ronna Sarvas,Avengers: Endgame,orange,8,10
Michel Attilio,Avengers: Endgame,orange,7,9
Toby Hatchel,Avengers: Endgame,orange,6,7,8
Geralyn Groff,Avengers: Endgame,strawberry,6,8,9,10,11
Billy Bacolor,Avengers: Endgame,strawberry,3,4,5,6,7,8
Maryln Blomme,Avengers: Endgame,orange,10,14
Sachiko Lee,Avengers: Endgame,orange,9,1
So Lawrentz,Avengers: Endgame,orange,9,14
Clara Allerman,Avengers: Endgame,strawberry,2,4,5,6,7,8
Myrtis Nan,Avengers: Endgame,orange,3,7,8
Tyson Buffo,Avengers: Endgame,orange,6,2
Juliane Vogelgesang,Avengers: Endgame,strawberry,5,8,9,10,11
Sadie Goldfield,Avengers: Endgame,strawberry,1,4,5,6,7
Loise Bresnan,Avengers: Endgame
Gale Glorioso,Avengers: Endgame,orange,4,1,2,3
Audry Behlen,Avengers: Endgame,orange,6,13
Berneice Kreissler,Avengers: Endgame,orange,7,1
Harriett Ifill,Avengers: Endgame,orange,5,1,2
Celina Hilts,Avengers: Endgame,strawberry,1,8,9,10,11
Annie Brindamour,Avengers: Endgame,orange,7,14
Carlotta Shoulders,Avengers: Endgame,orange,5,13,14
Ina Petitte,Avengers: Endgame
Maryland Walentoski,Avengers: Endgame,orange,4,12,13
Alba Heppert,Avengers: Endgame,orange,6,1
Jayson Clemmons,Avengers: Endgame,strawberry,6,1,2,3
Andria Haufler,Avengers: Endgame,orange,3,1,2
Bruno Carrejo,Avengers: Endgame
Dede Delnegro,Avengers: Endgame,strawberry,5,1,2,3
Tashia Anoe,Avengers: Endgame,orange,3,13,14
Ruthe Krapp,Avengers: Endgame,strawberry,7,1,2
Coy Haag,Avengers: Endgame,strawberry,7,10,11
Wilson Gally,Avengers: Endgame
Marvin Lacsamana,Avengers: Endgame,orange,6,14
Cyrstal Pflughoeft,Avengers: Endgame
Krysta Antonson,Avengers: Endgame
Lourie Dalonzo,Avengers: Endgame,orange,2,9
Forest Rigney,Avengers: Endgame,orange,4,14
Mario Bartelt,Avengers: Endgame,strawberry,4,1,2,3
