Eleanore Betzner,The Wandering Earth,apple,8,6
Myung Colatruglio,The Wandering Earth,apple,7,5,6,7,8
Nichole Pomplun,The Wandering Earth,apple,6,1,2,3,4,5,6,7,8,9,10,11
Jina Mantelli,The Wandering Earth,apple,5,2,3,4,5,6,7,8,9,10
Fernando Sanderfur,The Wandering Earth,apple,8,7,8,9,10
Elyse Smolski,The Wandering Earth,apple,4,2,3,4,5,6,7,8,9,10
Luther Vanhise,The Wandering Earth,apple,3,2,3,4,5,6,7,8,9,10
Brent Mcgillivray,The Wandering Earth,apple,8,3,4,5
Tawnya Shur,The Wandering Earth,apple,7,1,2,3,4
Blondell Woolever,The Wandering Earth,apple,7,9,10,11,12
Emma Liberati,The Wandering Earth,apple,2,1,2,3,4,5,6,7,8,9,10,11,12
Scottie Magsayo,The Wandering Earth,apple,1,5,6,7,8
Kirsten Sherrard,The Wandering Earth,apple,1,2,3,4
Essie Glaves,The Wandering Earth,apple,1,9,10,11
Jacinda Bigony,The Wandering Earth,orange,7,3,4,5,6,7,8,9
Annemarie Treine,The Wandering Earth,orange,6,2,3,4,5,6,7,8,9
Annalisa Bottenfield,The Wandering Earth,orange,5,3,4,5,6,7,8
Janey Mcnelis,The Wandering Earth,orange,4,2,3,4,5,6,7,8,9
Ta Labbadia,The Wandering Earth,orange,3,1,2,3,4,5,6,7,8,9,10,11
Cinda Bail,The Wandering Earth,apple,8,2
Dan Hatada,The Wandering Earth,apple,8,11
Aide Brad,The Wandering Earth,orange,2,1,2,3,4,5,6,7,8,9,10,11
Jeraldine Honan,The Wandering Earth,orange,1,4,5,6,7,8
Echo Shepley,The Wandering Earth
Carina Minutillo,The Wandering Earth
Asley Descoteaux,The Wandering Earth
Etta Wala,The Wandering Earth
Owen Wetz,The Wandering Earth
Carlos Freno,The Wandering Earth
Jacquelyn Petrik,The Wandering Earth
Lavonda Jameson,The Wandering Earth,apple,5,11,12
Marget Mcgoff,The Wandering Earth,apple,4,11,12
Wally Zenk,The Wandering Earth
Iris Broadstone,The Wandering Earth
Natasha Foppiano,The Wandering Earth,orange,5,9,10,11
Crystle Sengun,The Wandering Earth
Aurelio Lukaskiewicz,The Wandering Earth
Virgilio Batara,The Wandering Earth,apple,8,1
Marin Waldall,The Wandering Earth,apple,3,11,12
Marnie Kunkleman,The Wandering Earth,apple,8,12
Damaris Glimp,The Wandering Earth,orange,7,1,2
Katelynn Hasak,The Wandering Earth,orange,7,10,11
Dustin Flieller,The Wandering Earth,apple,6,12
Marnie Trexel,The Wandering Earth,apple,5,1
Jackqueline Daigneault,The Wandering Earth,apple,4,1
Isobel Clemans,The Wandering Earth,orange,6,10,11
Stacie Se,The Wandering Earth,apple,3,1
Lachelle Younge,The Wandering Earth,orange,5,1,2
Marg Mclain,The Wandering Earth,orange,4,10,11
Justin Roos,The Wandering Earth,apple,1,1
Crystle Sow,The Wandering Earth,orange,1,2,3
Patria Bardoner,The Wandering Earth,orange,1,9,10
Gayla Ortner,The Wandering Earth
Thuy Tartsah,The Wandering Earth
Jeannine Dan,The Wandering Earth,apple,1,12
Viki Greenier,The Wandering Earth
Katherin Dowey,The Wandering Earth,orange,6,1
Shirly Adelsperger,The Wandering Earth
Chantell Kretschmann,The Wandering Earth,orange,4,1
Garry Lingerfelt,The Wandering Earth
Porfirio Prioletti,The Wandering Earth,orange,1,1
Ami Brohawn,The Wandering Earth
Latrice Ojito,The Wandering Earth
Edelmira Peruzzi,The Wandering Earth,orange,1,11
Malena Pozniak,The Wandering Earth
Reda Kloska,The Wandering Earth
Merrill Cecot,The Wandering Earth
Ahmed Kamer,The Wandering Earth
Jaleesa Massei,The Wandering Earth
Laverne Alexader,The Wandering Earth
