Tamie Estill,The Wandering Earth,apple,8,5,6,7,8
Pilar Ghere,The Wandering Earth,apple,7,2,3,4,5,6,7,8,9,10,11
Domenic Mcleish,The Wandering Earth,apple,6,2,3,4,5,6,7,8,9,10,11
Ellamae Favuzzi,The Wandering Earth,apple,5,5,6,7
Dolly Battista,The Wandering Earth,apple,4,3,4,5,6,7,8,9,10
Delana Ender,The Wandering Earth,apple,3,2,3,4,5,6,7,8,9,10
Corrin Zellmann,The Wandering Earth,apple,5,8,9,10,11,12
Rickie Herkstroeter,The Wandering Earth,apple,2,2,3,4,5,6,7,8,9,10,11
Ricki Nirmaier,The Wandering Earth,apple,1,2,3,4,5,6,7,8,9,10
Arnulfo Rolling,The Wandering Earth,grape,6,4,5,6,7,8,9,10,11,12
Criselda Lakes,The Wandering Earth,apple,8,4
Nicole Sward,The Wandering Earth,apple,8,9,10
Windy Dargenio,The Wandering Earth,apple,8,2,3
Nellie Mahuna,The Wandering Earth,apple,5,3,4
Fernande Laday,The Wandering Earth,grape,4,8,9,10,11
Samatha Centore,The Wandering Earth,grape,1,6,7,8,9
Blanch Lafarga,The Wandering Earth,apple,8,11,12
Karyl Hynds,The Wandering Earth
Daniel Kiser,The Wandering Earth,apple,5,1,2
Gertie Argenbright,The Wandering Earth,apple,8,1
Deon Bobian,The Wandering Earth,apple,7,1
Mikel Crother,The Wandering Earth
Marguerita Oddo,The Wandering Earth,grape,9,12,13,14
Patience Trivett,The Wandering Earth,apple,4,1,2
Nita Moldrem,The Wandering Earth,apple,7,12
Tammera Ringquist,The Wandering Earth
Pia Machuga,The Wandering Earth
Ignacio Areias,The Wandering Earth
Leota Muzyka,The Wandering Earth
Harvey Jurich,The Wandering Earth,apple,4,11,12
Dorathy Cawthon,The Wandering Earth
Caitlin Geib,The Wandering Earth
Tianna Beachy,The Wandering Earth,apple,6,1
Selina Faster,The Wandering Earth
Annabell Mcglon,The Wandering Earth,grape,11,13,14,15
Christen Crill,The Wandering Earth
Beatris Kisch,The Wandering Earth
Tressie Elisondo,The Wandering Earth,apple,3,11,12
Vernell Tolmie,The Wandering Earth
Erinn Wouters,The Wandering Earth
Aurora Dancoes,The Wandering Earth,apple,1,11,12
Mindi Bradfute,The Wandering Earth,apple,6,12
Jama Palardy,The Wandering Earth,grape,7,13,14,15
George Gramm,The Wandering Earth,grape,11,7,8
Harrison Noris,The Wandering Earth
Miguelina Agostini,The Wandering Earth,grape,10,7,8
Quiana Deal,The Wandering Earth,apple,3,1
Arline Seaholtz,The Wandering Earth,grape,10,10,11
Keely Vanwinkle,The Wandering Earth
Dolores Beddingfield,The Wandering Earth,apple,2,1
