Lorrine Moccia,Andhadhun,cherry,9,6,7,8
Theodore Schuman,Andhadhun,cherry,8,4,5,6,7,8,9,10
Vito Dinkins,Andhadhun,cherry,7,5,6,7,8,9
Carmel Byran,Andhadhun,cherry,3,4,5,6,7,8,9
Amado Sweeting,Andhadhun,cherry,9,4,5
Xavier Liptrap,Andhadhun,cherry,2,5,6,7,8,9
Aiko Jorde,Andhadhun,cherry,1,5,6,7,8
Yu Divito,Andhadhun
Christy Harpel,Andhadhun
Tam Palomba,Andhadhun,cherry,9,9,10,11
Simona Origer,Andhadhun
Ada Cumba,Andhadhun
Jaime Sharper,Andhadhun
Reginald Portell,Andhadhun
Tabatha Maclaughlin,Andhadhun,cherry,6,4,5
Migdalia Groomes,Andhadhun
Katerine Bienfang,Andhadhun
Addie Chesley,Andhadhun,cherry,6,9,10
Hillary Carza,Andhadhun
Kristyn Wolfenden,Andhadhun,cherry,7,4
